<?xml version="1.0" encoding="UTF-8"?>
<!-- Generated by org.testng.reporters.JUnitReportReporter -->
<testsuite skipped="0" hostname="DESKTOP-9AS02US" name="testcase.TestCase_Demo" tests="4" failures="0" timestamp="03 Sep 2018 17:32:41 GMT" time="77.301" errors="0">
  <testcase name="parallel_demo" time="19.619" classname="testcase.TestCase_Demo"/>
  <testcase name="parallel_demo" time="18.443" classname="testcase.TestCase_Demo"/>
  <testcase name="parallel_demo" time="19.588" classname="testcase.TestCase_Demo"/>
  <testcase name="parallel_demo" time="19.651" classname="testcase.TestCase_Demo"/>
</testsuite> <!-- testcase.TestCase_Demo -->
