<?xml version="1.0" encoding="UTF-8"?>
<!-- Generated by org.testng.reporters.JUnitReportReporter -->
<testsuite skipped="0" hostname="DESKTOP-9AS02US" name="testcase.TestCase_Demo" tests="4" failures="0" timestamp="23 Aug 2018 15:39:14 GMT" time="84.717" errors="0">
  <testcase name="parallel_demo" time="20.615" classname="testcase.TestCase_Demo"/>
  <testcase name="parallel_demo" time="21.369" classname="testcase.TestCase_Demo"/>
  <testcase name="parallel_demo" time="21.410" classname="testcase.TestCase_Demo"/>
  <testcase name="parallel_demo" time="21.323" classname="testcase.TestCase_Demo"/>
</testsuite> <!-- testcase.TestCase_Demo -->
