<?xml version="1.0" encoding="UTF-8"?>
<!-- Generated by org.testng.reporters.JUnitReportReporter -->
<testsuite skipped="0" hostname="DESKTOP-9AS02US" name="testcase.TestCase_Demo" tests="4" failures="0" timestamp="03 Sep 2018 17:06:46 GMT" time="93.079" errors="0">
  <testcase name="parallel_demo" time="23.344" classname="testcase.TestCase_Demo"/>
  <testcase name="parallel_demo" time="23.281" classname="testcase.TestCase_Demo"/>
  <testcase name="parallel_demo" time="23.141" classname="testcase.TestCase_Demo"/>
  <testcase name="parallel_demo" time="23.313" classname="testcase.TestCase_Demo"/>
</testsuite> <!-- testcase.TestCase_Demo -->
