<?xml version="1.0" encoding="UTF-8"?>
<!-- Generated by org.testng.reporters.JUnitReportReporter -->
<testsuite skipped="0" hostname="DESKTOP-9AS02US" name="testcase.Abc" tests="4" failures="0" timestamp="23 Aug 2018 15:11:50 GMT" time="18.761" errors="0">
  <testcase name="one" time="4.681" classname="testcase.Abc"/>
  <testcase name="three" time="4.649" classname="testcase.Abc"/>
  <testcase name="two" time="4.649" classname="testcase.Abc"/>
  <testcase name="four" time="4.782" classname="testcase.Abc"/>
</testsuite> <!-- testcase.Abc -->
